<?xml version="1.0" encoding="UTF-8"?>
<!-- Generated by org.testng.reporters.JUnitReportReporter -->
<testsuite hostname="DESKTOP-JP7AAGV" failures="0" tests="2" name="testcases.Checkout" time="1.695" errors="0" timestamp="2021-10-22T00:24:06 IST" skipped="0">
  <testcase classname="testcases.Checkout" name="excelR" time="1.615"/>
  <system-out/>
  <testcase classname="testcases.Checkout" name="BillingAddress" time="0.080"/>
  <system-out/>
</testsuite> <!-- testcases.Checkout -->
