<?xml version="1.0" encoding="UTF-8"?>
<!-- Generated by org.testng.reporters.JUnitReportReporter -->
<testsuite hostname="DESKTOP-PJJDTV0" failures="0" tests="2" name="testcases.CheckoutBillingAddress" time="4.077" errors="0" timestamp="2021-10-30T18:51:34 IST" skipped="0">
  <testcase classname="testcases.CheckoutBillingAddress" name="checkout" time="3.868"/>
  <system-out/>
  <testcase classname="testcases.CheckoutBillingAddress" name="BillingAddressdropdown" time="0.209"/>
  <system-out/>
</testsuite> <!-- testcases.CheckoutBillingAddress -->
