<?xml version="1.0" encoding="UTF-8"?>
<!-- Generated by org.testng.reporters.JUnitReportReporter -->
<testsuite hostname="DESKTOP-PJJDTV0" failures="0" tests="2" name="testcases.Checkout" time="2.151" errors="0" timestamp="2021-10-30T18:51:34 IST" skipped="0">
  <testcase classname="testcases.Checkout" name="excelR" time="2.048"/>
  <system-out/>
  <testcase classname="testcases.Checkout" name="BillingAddress" time="0.103"/>
  <system-out/>
</testsuite> <!-- testcases.Checkout -->
