<?xml version="1.0" encoding="UTF-8"?>
<!-- Generated by org.testng.reporters.JUnitReportReporter -->
<testsuite hostname="DESKTOP-PJJDTV0" failures="0" tests="1" name="testcases.SuccessfullyProcessed" time="0.951" errors="0" timestamp="2021-10-30T18:51:34 IST" skipped="0">
  <testcase classname="testcases.SuccessfullyProcessed" name="successfullprocessed" time="0.951"/>
  <system-out/>
</testsuite> <!-- testcases.SuccessfullyProcessed -->
