<?xml version="1.0" encoding="UTF-8"?>
<!-- Generated by org.testng.reporters.JUnitReportReporter -->
<testsuite hostname="DESKTOP-PJJDTV0" failures="0" tests="2" name="testcases.LoginPage" time="28.735" errors="0" timestamp="2021-10-30T18:51:34 IST" skipped="0">
  <testcase classname="testcases.LoginPage" name="Login" time="0.770"/>
  <system-out/>
  <testcase classname="testcases.LoginPage" name="EnterValidCredentials" time="27.965"/>
  <system-out/>
</testsuite> <!-- testcases.LoginPage -->
