<?xml version="1.0" encoding="UTF-8"?>
<!-- Generated by org.testng.reporters.JUnitReportReporter -->
<testsuite hostname="DESKTOP-JP7AAGV" failures="0" tests="2" name="testcases.ShippingAddress" time="1.181" errors="0" timestamp="2021-10-22T00:24:06 IST" skipped="0">
  <testcase classname="testcases.ShippingAddress" name="shippingAddress" time="1.088"/>
  <system-out/>
  <testcase classname="testcases.ShippingAddress" name="shippingaddress" time="0.093"/>
  <system-out/>
</testsuite> <!-- testcases.ShippingAddress -->
