<?xml version="1.0" encoding="UTF-8"?>
<!-- Generated by org.testng.reporters.JUnitReportReporter -->
<testsuite hostname="DESKTOP-PJJDTV0" failures="0" tests="2" name="testcases.ShippingAddress" time="1.179" errors="0" timestamp="2021-10-30T18:51:34 IST" skipped="0">
  <testcase classname="testcases.ShippingAddress" name="shippingAddress" time="1.036"/>
  <system-out/>
  <testcase classname="testcases.ShippingAddress" name="shippingaddress" time="0.143"/>
  <system-out/>
</testsuite> <!-- testcases.ShippingAddress -->
