<?xml version="1.0" encoding="UTF-8"?>
<!-- Generated by org.testng.reporters.JUnitReportReporter -->
<testsuite hostname="DESKTOP-JP7AAGV" failures="0" tests="2" name="testcases.CheckoutBillingAddress" time="4.037" errors="0" timestamp="2021-10-22T00:24:06 IST" skipped="0">
  <testcase classname="testcases.CheckoutBillingAddress" name="checkout" time="3.860"/>
  <system-out/>
  <testcase classname="testcases.CheckoutBillingAddress" name="BillingAddressdropdown" time="0.177"/>
  <system-out/>
</testsuite> <!-- testcases.CheckoutBillingAddress -->
