<?xml version="1.0" encoding="UTF-8"?>
<!-- Generated by org.testng.reporters.JUnitReportReporter -->
<testsuite hostname="DESKTOP-PJJDTV0" failures="0" tests="1" name="testcases.ClearShoppingCart" time="4.330" errors="0" timestamp="2021-10-30T18:51:34 IST" skipped="0">
  <testcase classname="testcases.ClearShoppingCart" name="ClearAddToCartAndGoToBooks" time="4.330"/>
  <system-out/>
</testsuite> <!-- testcases.ClearShoppingCart -->
