<?xml version="1.0" encoding="UTF-8"?>
<!-- Generated by org.testng.reporters.JUnitReportReporter -->
<testsuite hostname="DESKTOP-JP7AAGV" failures="0" tests="1" name="testcases.Books" time="5.211" errors="0" timestamp="2021-10-22T00:24:06 IST" skipped="0">
  <testcase classname="testcases.Books" name="SelectBooksAddtocart" time="5.211"/>
  <system-out/>
</testsuite> <!-- testcases.Books -->
