<?xml version="1.0" encoding="UTF-8"?>
<!-- Generated by org.testng.reporters.JUnitReportReporter -->
<testsuite hostname="DESKTOP-JP7AAGV" failures="0" tests="2" name="testcases.LoginPage" time="12.285" errors="0" timestamp="2021-10-22T00:24:06 IST" skipped="0">
  <testcase classname="testcases.LoginPage" name="Login" time="0.596"/>
  <system-out/>
  <testcase classname="testcases.LoginPage" name="EnterValidCredentials" time="11.689"/>
  <system-out/>
</testsuite> <!-- testcases.LoginPage -->
